<?xml version="1.0" encoding="UTF-8"?>
<testsuite name="com.unrc.app.models.TestSuite" time="3.808" tests="25" errors="0" skipped="0" failures="0">
  <properties>
[...]
</properties>
  <testcase name="shouldValidateExistOwner" classname="com.unrc.app.models.OwnerSpec" time="1.256"/>
  <testcase name="shouldValidateDelete" classname="com.unrc.app.models.OwnerSpec" time="0.128"/>
  <testcase name="shouldValidateFindByDni" classname="com.unrc.app.models.OwnerSpec" time="0.138"/>
  <testcase name="shouldValidateCreate" classname="com.unrc.app.models.OwnerSpec" time="0.121"/>
  <testcase name="shouldValidateMandatoryFields" classname="com.unrc.app.models.OwnerSpec" time="0.139"/>
  <testcase name="shouldValidateFindByCode" classname="com.unrc.app.models.CitySpec" time="0.076"/>
  <testcase name="shouldValidateExistCity" classname="com.unrc.app.models.CitySpec" time="0.11"/>
  <testcase name="shouldValidateDelete" classname="com.unrc.app.models.CitySpec" time="0.081"/>
  <testcase name="shouldValidateCreate" classname="com.unrc.app.models.CitySpec" time="0.093"/>
  <testcase name="shouldValidateMandatoryFields" classname="com.unrc.app.models.CitySpec" time="0.055"/>
  <testcase name="shouldValidateFindByName" classname="com.unrc.app.models.RealEstateSpec" time="0.144"/>
  <testcase name="shouldValidateExistRealEsate" classname="com.unrc.app.models.RealEstateSpec" time="0.126"/>
  <testcase name="shouldValidateDelete" classname="com.unrc.app.models.RealEstateSpec" time="0.097"/>
  <testcase name="shouldValidateCreate" classname="com.unrc.app.models.RealEstateSpec" time="0.124"/>
  <testcase name="shouldValidateMandatoryFields" classname="com.unrc.app.models.RealEstateSpec" time="0.077"/>
  <testcase name="shouldValidateFindByAddress" classname="com.unrc.app.models.AddressSpec" time="0.095"/>
  <testcase name="shouldValidateExistAddress" classname="com.unrc.app.models.AddressSpec" time="0.081"/>
  <testcase name="shouldValidateDelete" classname="com.unrc.app.models.AddressSpec" time="0.139"/>
  <testcase name="shouldValidateCreate" classname="com.unrc.app.models.AddressSpec" time="0.108"/>
  <testcase name="shouldValidateMandatoryFields" classname="com.unrc.app.models.AddressSpec" time="0.051"/>
  <testcase name="shouldValidateFindByBuilding" classname="com.unrc.app.models.BuildingSpec" time="0.124"/>
  <testcase name="shouldValidateExistBuilding" classname="com.unrc.app.models.BuildingSpec" time="0.115"/>
  <testcase name="shouldValidateDelete" classname="com.unrc.app.models.BuildingSpec" time="0.131"/>
  <testcase name="shouldValidateCreate" classname="com.unrc.app.models.BuildingSpec" time="0.148"/>
  <testcase name="shouldValidateMandatoryFields" classname="com.unrc.app.models.BuildingSpec" time="0.051"/>
</testsuite>